<?xml version="1.0" encoding="UTF-8"?>
<!-- Generated by org.testng.reporters.JUnitXMLReporter -->
<testsuite hostname="LAPTOP-I0S1SS7L" name="Regression Test" tests="1" failures="1" timestamp="4 Dec 2019 05:32:51 GMT" time="14.922" errors="0">
  <testcase name="feature" time="14.359" classname="com.cucumberFramework.testRunner.TestRunner">
    <failure type="cucumber.runtime.CucumberException" message="java.lang.AssertionError: expected [true] but found [false]">
      <![CDATA[cucumber.runtime.CucumberException: java.lang.AssertionError: expected [true] but found [false]
	at cucumber.api.testng.TestNGCucumberRunner.runCucumber(TestNGCucumberRunner.java:69)
	at com.cucumberFramework.testRunner.TestRunner.feature(TestRunner.java:26)
Caused by: java.lang.AssertionError: expected [true] but found [false]
	at com.cucumberFramework.stepdefinitions.loginStepDefinitions.i_sould_see_administrator_text_message_on_home_Page(loginStepDefinitions.java:56)
	at âœ½.And I sould see administrator text message on home Page(login.feature:35)
... Removed 31 stack frames]]>
    </failure>
  </testcase> <!-- feature -->
</testsuite> <!-- Regression Test -->
